<?xml version="1.0" encoding="UTF-8"?>
<!-- Generated by org.testng.reporters.JUnitReportReporter -->
<testsuite hostname="DESKTOP-7NNVHC1" failures="0" tests="1" name="practicehctl.Practice" time="16.264" errors="0" timestamp="2024-05-19T00:10:35 PKT" skipped="0">
  <testcase classname="practicehctl.Practice" name="foo" time="16.264"/>
</testsuite> <!-- practicehctl.Practice -->
