<?xml version="1.0" encoding="UTF-8"?>
<!-- Generated by org.testng.reporters.JUnitReportReporter -->
<testsuite hostname="DESKTOP-7NNVHC1" failures="0" tests="1" name="practicehctl.Test_Login" time="14.851" errors="0" timestamp="2024-05-20T20:05:24 PKT" skipped="0">
  <testcase classname="practicehctl.Test_Login" name="ALogin" time="14.851"/>
</testsuite> <!-- practicehctl.Test_Login -->
